0 info it worked if it ends with ok
1 verbose cli [ 'node', '/usr/local/bin/npm', 'i', 'ngcordova' ]
2 info using npm@1.4.28
3 info using node@v0.10.35
4 warn package.json trilakescorvetteclub@1.0.0 No repository field.
5 warn package.json trilakescorvetteclub@1.0.0 No README data
6 verbose readDependencies using package.json deps
7 verbose cache add [ 'ngcordova', null ]
8 verbose cache add name=undefined spec="ngcordova" args=["ngcordova",null]
9 verbose parsed url { protocol: null,
9 verbose parsed url   slashes: null,
9 verbose parsed url   auth: null,
9 verbose parsed url   host: null,
9 verbose parsed url   port: null,
9 verbose parsed url   hostname: null,
9 verbose parsed url   hash: null,
9 verbose parsed url   search: null,
9 verbose parsed url   query: null,
9 verbose parsed url   pathname: 'ngcordova',
9 verbose parsed url   path: 'ngcordova',
9 verbose parsed url   href: 'ngcordova' }
10 silly lockFile 738b831a-ngcordova ngcordova
11 verbose lock ngcordova /Users/jacobtucker/.npm/738b831a-ngcordova.lock
12 silly lockFile 738b831a-ngcordova ngcordova
13 silly lockFile 738b831a-ngcordova ngcordova
14 verbose addNamed [ 'ngcordova', '' ]
15 verbose addNamed [ null, '*' ]
16 silly lockFile befd5667-ngcordova ngcordova@
17 verbose lock ngcordova@ /Users/jacobtucker/.npm/befd5667-ngcordova.lock
18 silly addNameRange { name: 'ngcordova', range: '*', hasData: false }
19 verbose request where is /ngcordova
20 verbose request registry https://registry.npmjs.org/
21 verbose request id cb6643c7d24d4568
22 verbose url raw /ngcordova
23 verbose url resolving [ 'https://registry.npmjs.org/', './ngcordova' ]
24 verbose url resolved https://registry.npmjs.org/ngcordova
25 verbose request where is https://registry.npmjs.org/ngcordova
26 info trying registry request attempt 1 at 19:26:50
27 http GET https://registry.npmjs.org/ngcordova
28 http 404 https://registry.npmjs.org/ngcordova
29 verbose headers { server: 'CouchDB/1.5.0 (Erlang OTP/R16B03)',
29 verbose headers   'content-type': 'application/json',
29 verbose headers   'cache-control': 'max-age=0',
29 verbose headers   'content-length': '51',
29 verbose headers   'accept-ranges': 'bytes',
29 verbose headers   date: 'Wed, 24 Jun 2015 00:26:50 GMT',
29 verbose headers   via: '1.1 varnish',
29 verbose headers   age: '0',
29 verbose headers   connection: 'keep-alive',
29 verbose headers   'x-served-by': 'cache-lax1420-LAX',
29 verbose headers   'x-cache': 'MISS',
29 verbose headers   'x-cache-hits': '0',
29 verbose headers   'x-timer': 'S1435105610.683003,VS0,VE200' }
30 silly registry.get cb [ 404,
30 silly registry.get   { server: 'CouchDB/1.5.0 (Erlang OTP/R16B03)',
30 silly registry.get     'content-type': 'application/json',
30 silly registry.get     'cache-control': 'max-age=0',
30 silly registry.get     'content-length': '51',
30 silly registry.get     'accept-ranges': 'bytes',
30 silly registry.get     date: 'Wed, 24 Jun 2015 00:26:50 GMT',
30 silly registry.get     via: '1.1 varnish',
30 silly registry.get     age: '0',
30 silly registry.get     connection: 'keep-alive',
30 silly registry.get     'x-served-by': 'cache-lax1420-LAX',
30 silly registry.get     'x-cache': 'MISS',
30 silly registry.get     'x-cache-hits': '0',
30 silly registry.get     'x-timer': 'S1435105610.683003,VS0,VE200' } ]
31 silly lockFile befd5667-ngcordova ngcordova@
32 silly lockFile befd5667-ngcordova ngcordova@
33 error 404 404 Not Found: ngcordova
33 error 404
33 error 404 'ngcordova' is not in the npm registry.
33 error 404 You should bug the author to publish it
33 error 404 It was specified as a dependency of 'trilakescorvetteclub'
33 error 404
33 error 404 Note that you can also install from a
33 error 404 tarball, folder, or http url, or git url.
34 error System Darwin 14.3.0
35 error command "node" "/usr/local/bin/npm" "i" "ngcordova"
36 error cwd /Users/jacobtucker/Toolbox/Workspace/CorvetteClub/TriLakesCorvetteClub
37 error node -v v0.10.35
38 error npm -v 1.4.28
39 error code E404
40 verbose exit [ 1, true ]
