0 info it worked if it ends with ok
1 verbose cli [ 'node',
1 verbose cli   '/usr/local/bin/npm',
1 verbose cli   'install',
1 verbose cli   'grunt-contrib-include-source',
1 verbose cli   '--save-dev' ]
2 info using npm@1.4.28
3 info using node@v0.10.35
4 warn package.json Tri-Lakes-Corvette-Club@1.0.0 No repository field.
5 warn package.json Tri-Lakes-Corvette-Club@1.0.0 No README data
6 verbose readDependencies using package.json deps
7 verbose cache add [ 'grunt-contrib-include-source', null ]
8 verbose cache add name=undefined spec="grunt-contrib-include-source" args=["grunt-contrib-include-source",null]
9 verbose parsed url { protocol: null,
9 verbose parsed url   slashes: null,
9 verbose parsed url   auth: null,
9 verbose parsed url   host: null,
9 verbose parsed url   port: null,
9 verbose parsed url   hostname: null,
9 verbose parsed url   hash: null,
9 verbose parsed url   search: null,
9 verbose parsed url   query: null,
9 verbose parsed url   pathname: 'grunt-contrib-include-source',
9 verbose parsed url   path: 'grunt-contrib-include-source',
9 verbose parsed url   href: 'grunt-contrib-include-source' }
10 silly lockFile 7604e47f-grunt-contrib-include-source grunt-contrib-include-source
11 verbose lock grunt-contrib-include-source /Users/jacobtucker/.npm/7604e47f-grunt-contrib-include-source.lock
12 silly lockFile 7604e47f-grunt-contrib-include-source grunt-contrib-include-source
13 silly lockFile 7604e47f-grunt-contrib-include-source grunt-contrib-include-source
14 verbose addNamed [ 'grunt-contrib-include-source', '' ]
15 verbose addNamed [ null, '*' ]
16 silly lockFile fb49b6fd-grunt-contrib-include-source grunt-contrib-include-source@
17 verbose lock grunt-contrib-include-source@ /Users/jacobtucker/.npm/fb49b6fd-grunt-contrib-include-source.lock
18 silly addNameRange { name: 'grunt-contrib-include-source',
18 silly addNameRange   range: '*',
18 silly addNameRange   hasData: false }
19 verbose request where is /grunt-contrib-include-source
20 verbose request registry https://registry.npmjs.org/
21 verbose request id 48e0d70e2205d19b
22 verbose url raw /grunt-contrib-include-source
23 verbose url resolving [ 'https://registry.npmjs.org/',
23 verbose url resolving   './grunt-contrib-include-source' ]
24 verbose url resolved https://registry.npmjs.org/grunt-contrib-include-source
25 verbose request where is https://registry.npmjs.org/grunt-contrib-include-source
26 info trying registry request attempt 1 at 18:21:34
27 http GET https://registry.npmjs.org/grunt-contrib-include-source
28 http 404 https://registry.npmjs.org/grunt-contrib-include-source
29 verbose headers { server: 'CouchDB/1.5.0 (Erlang OTP/R16B03)',
29 verbose headers   'content-type': 'application/json',
29 verbose headers   'cache-control': 'max-age=0',
29 verbose headers   'content-length': '51',
29 verbose headers   'accept-ranges': 'bytes',
29 verbose headers   date: 'Thu, 02 Jul 2015 23:21:35 GMT',
29 verbose headers   via: '1.1 varnish',
29 verbose headers   age: '0',
29 verbose headers   connection: 'keep-alive',
29 verbose headers   'x-served-by': 'cache-dfw1835-DFW',
29 verbose headers   'x-cache': 'MISS',
29 verbose headers   'x-cache-hits': '0',
29 verbose headers   'x-timer': 'S1435879295.082252,VS0,VE212' }
30 silly registry.get cb [ 404,
30 silly registry.get   { server: 'CouchDB/1.5.0 (Erlang OTP/R16B03)',
30 silly registry.get     'content-type': 'application/json',
30 silly registry.get     'cache-control': 'max-age=0',
30 silly registry.get     'content-length': '51',
30 silly registry.get     'accept-ranges': 'bytes',
30 silly registry.get     date: 'Thu, 02 Jul 2015 23:21:35 GMT',
30 silly registry.get     via: '1.1 varnish',
30 silly registry.get     age: '0',
30 silly registry.get     connection: 'keep-alive',
30 silly registry.get     'x-served-by': 'cache-dfw1835-DFW',
30 silly registry.get     'x-cache': 'MISS',
30 silly registry.get     'x-cache-hits': '0',
30 silly registry.get     'x-timer': 'S1435879295.082252,VS0,VE212' } ]
31 silly lockFile fb49b6fd-grunt-contrib-include-source grunt-contrib-include-source@
32 silly lockFile fb49b6fd-grunt-contrib-include-source grunt-contrib-include-source@
33 error 404 404 Not Found: grunt-contrib-include-source
33 error 404
33 error 404 'grunt-contrib-include-source' is not in the npm registry.
33 error 404 You should bug the author to publish it
33 error 404 It was specified as a dependency of 'Tri-Lakes-Corvette-Club'
33 error 404
33 error 404 Note that you can also install from a
33 error 404 tarball, folder, or http url, or git url.
34 error System Darwin 14.3.0
35 error command "node" "/usr/local/bin/npm" "install" "grunt-contrib-include-source" "--save-dev"
36 error cwd /Users/jacobtucker/Toolbox/Workspace/CorvetteClub/Web
37 error node -v v0.10.35
38 error npm -v 1.4.28
39 error code E404
40 verbose exit [ 1, true ]
